<?xml version="1.0" encoding="UTF-8"?>
<!-- Generated by org.testng.reporters.JUnitReportReporter -->
<testsuite skipped="0" hostname="Amulya" name="testSuites.LoginPageSuite" tests="2" failures="0" timestamp="03 May 2018 02:04:38 GMT" time="18.099" errors="0">
  <testcase name="verifyLoginWithValidCredentials" time="10.180" classname="testSuites.LoginPageSuite"/>
  <testcase name="verifyLoginWithInvalidCredentials" time="7.919" classname="testSuites.LoginPageSuite"/>
</testsuite> <!-- testSuites.LoginPageSuite -->
